e:\ademo\rengine\x64\debug\vc143.pdb
e:\ademo\rengine\x64\debug\vc143.idb
e:\ademo\rengine\x64\debug\gametimer.obj
e:\ademo\rengine\x64\debug\texture.obj
e:\ademo\rengine\x64\debug\ddstextureloader.obj
e:\ademo\rengine\x64\debug\frameresource.obj
e:\ademo\rengine\x64\debug\descriptorheap.obj
e:\ademo\rengine\x64\debug\defaultbuffer.obj
e:\ademo\rengine\x64\debug\buffer.obj
e:\ademo\rengine\x64\debug\renderitem.obj
e:\ademo\rengine\x64\debug\materials.obj
e:\ademo\rengine\x64\debug\mainapp.obj
e:\ademo\rengine\x64\debug\light.obj
e:\ademo\rengine\x64\debug\meshgeometry.obj
e:\ademo\rengine\x64\debug\loadobject.obj
e:\ademo\rengine\x64\debug\geometrymanager.obj
e:\ademo\rengine\x64\debug\geometrygenerator.obj
e:\ademo\rengine\x64\debug\device.obj
e:\ademo\rengine\x64\debug\camera.obj
e:\ademo\rengine\x64\debug\myapp.obj
e:\ademo\rengine\x64\debug\d3dapp.obj
e:\ademo\rengine\x64\debug\animationhelper.obj
e:\ademo\rengine\x64\debug\wave.obj
e:\ademo\rengine\x64\debug\shadercompile.obj
e:\ademo\rengine\x64\debug\reflectablestruct.obj
e:\ademo\rengine\x64\debug\psocontainer.obj
e:\ademo\rengine\x64\debug\mathhelper.obj
e:\ademo\rengine\x64\debug\d3dutil.obj
e:\ademo\rengine\x64\debug\tinyxml2.obj
e:\ademo\rengine\x64\debug\defaultscene.obj
e:\ademo\rengine\x64\debug\d3dscene.obj
e:\ademo\rengine\x64\debug\blurfilter.obj
e:\ademo\rengine\x64\debug\rootsignature.obj
e:\ademo\rengine\x64\debug\postprocess.obj
e:\ademo\rengine\x64\debug\rengine.exe
e:\ademo\rengine\x64\debug\rengine.pdb
e:\ademo\rengine\x64\debug\rengine.tlog\cl.command.1.tlog
e:\ademo\rengine\x64\debug\rengine.tlog\cl.read.1.tlog
e:\ademo\rengine\x64\debug\rengine.tlog\cl.write.1.tlog
e:\ademo\rengine\x64\debug\rengine.tlog\link.command.1.tlog
e:\ademo\rengine\x64\debug\rengine.tlog\link.read.1.tlog
e:\ademo\rengine\x64\debug\rengine.tlog\link.write.1.tlog
